c:\users\hacky\desktop\wmi_monitor\win7debug\mydriver1.sys
c:\users\hacky\desktop\wmi_monitor\mydriver1\win7debug\mydriver1.inf
c:\users\hacky\desktop\wmi_monitor\mydriver1\win7debug\vc120.pdb
c:\users\hacky\desktop\wmi_monitor\mydriver1\win7debug\hook.obj
c:\users\hacky\desktop\wmi_monitor\mydriver1\win7debug\driverentry.obj
c:\users\hacky\desktop\wmi_monitor\win7debug\mydriver1.pdb
c:\users\hacky\desktop\wmi_monitor\win7debug\mydriver1.cer
c:\users\hacky\desktop\wmi_monitor\win7debug\mydriver1.inf
c:\users\hacky\desktop\wmi_monitor\mydriver1\win7debug\signtool.command.1.tlog
c:\users\hacky\desktop\wmi_monitor\mydriver1\win7debug\signtool.read.1.tlog
c:\users\hacky\desktop\wmi_monitor\mydriver1\win7debug\signtool.write.1.tlog
c:\users\hacky\desktop\wmi_monitor\mydriver1\win7debug\stampinf.command.1.tlog
c:\users\hacky\desktop\wmi_monitor\mydriver1\win7debug\stampinf.read.1.tlog
c:\users\hacky\desktop\wmi_monitor\mydriver1\win7debug\stampinf.write.1.tlog
c:\users\hacky\desktop\wmi_monitor\mydriver1\win7debug\mydriver1.tlog\cl.command.1.tlog
c:\users\hacky\desktop\wmi_monitor\mydriver1\win7debug\mydriver1.tlog\cl.read.1.tlog
c:\users\hacky\desktop\wmi_monitor\mydriver1\win7debug\mydriver1.tlog\cl.write.1.tlog
c:\users\hacky\desktop\wmi_monitor\mydriver1\win7debug\mydriver1.tlog\link.command.1.tlog
c:\users\hacky\desktop\wmi_monitor\mydriver1\win7debug\mydriver1.tlog\link.read.1.tlog
c:\users\hacky\desktop\wmi_monitor\mydriver1\win7debug\mydriver1.tlog\link.write.1.tlog
